<?xml version="1.0" encoding="UTF-8"?>
<!-- Generated by org.testng.reporters.JUnitReportReporter -->
<testsuite hostname="DESKTOP-VPG8QQH" failures="0" tests="1" name="com.demowebshop.tests.RegisterTest" time="12.338" errors="0" timestamp="2024-12-08T19:10:13 GMT" skipped="0">
  <testcase classname="com.demowebshop.tests.RegisterTest" name="registertotheDemoShopWebsite" time="12.338"/>
  <system-out/>
</testsuite> <!-- com.demowebshop.tests.RegisterTest -->
